0.0935082
0.0136931
0.0114949
0.010631
0.0112263
0.0133394
0.012237
0.0306188
0.00935
0.0095323
0.0102276
0.0091855
0.009635
0.0094541
0.0095113
0.0084796
0.0119477
0.0134049
0.0200083
0.0125367
0.0116154
0.0122459
0.0148456
0.0112191
0.0164015
0.014009
0.0147691
0.0169898
0.020417
0.009975
0.0111491
0.0121463
0.0106146
0.0100223
0.0113377
0.0111331
0.0130558
0.0130844
0.0138896
0.0126095
0.0107104
0.0132708
0.0121718
0.0131536
0.0169305
0.0156276
0.0167956
0.0155437
0.0156357
0.0136031
0.0158276
0.0126066
0.0144278
0.0147732
0.0132215
0.0121987
0.0154399
0.0136689
0.0108415
0.0108841
0.014052
0.0118011
0.0104186
0.0136493
0.0134078
0.0110658
0.0140847
0.0123929
0.0106598
0.0122781
0.0108003
0.0109904
0.0127934
0.0119644
0.0125921
0.0114362
0.0128177
0.0121456
0.0133288
0.0119575
0.0115868
0.0126816
0.0118521
0.009773
0.0136584
0.0128418
0.0107852
0.0099727
0.0105463
0.0123695
0.0109061
0.0169817
0.0196673
0.014739
0.0115455
0.0111081
0.0098271
0.0106197
0.011421
0.0107962
